Loading required package: coda
The legacy packages maptools, rgdal, and rgeos, underpinning the sp package,
which was just loaded, will retire in October 2023.
Please refer to R-spatial evolution reports for details, especially
https://r-spatial.org/r/2023/05/15/evolution4.html.
It may be desirable to make the sf package available;
package maintainers should consider adding sf to Suggests:.
The sp package is now running under evolution status 2
     (status 2 uses the sf package in place of rgdal)
Loading required package: permute
Loading required package: lattice
This is vegan 2.6-4
corrplot 0.92 loaded
phyloseq-class experiment-level object
otu_table()   OTU Table:         [ 6183 taxa and 936 samples ]
sample_data() Sample Data:       [ 936 samples by 11 sample variables ]
tax_table()   Taxonomy Table:    [ 6183 taxa by 8 taxonomic ranks ]
phyloseq-class experiment-level object
otu_table()   OTU Table:         [ 6183 taxa and 930 samples ]
sample_data() Sample Data:       [ 930 samples by 11 sample variables ]
tax_table()   Taxonomy Table:    [ 6183 taxa by 8 taxonomic ranks ]
Warning messages:
1: In asMethod(object) : NAs introduced by coercion
2: In asMethod(object) : NAs introduced by coercion
3: In asMethod(object) : NAs introduced by coercion
4: In asMethod(object) : NAs introduced by coercion
5: In asMethod(object) : NAs introduced by coercion
6: In asMethod(object) : NAs introduced by coercion
7: In asMethod(object) : NAs introduced by coercion
8: In asMethod(object) : NAs introduced by coercion
phyloseq-class experiment-level object
otu_table()   OTU Table:         [ 6183 taxa and 156 samples ]
sample_data() Sample Data:       [ 156 samples by 11 sample variables ]
tax_table()   Taxonomy Table:    [ 6183 taxa by 8 taxonomic ranks ]
phyloseq-class experiment-level object
otu_table()   OTU Table:         [ 6183 taxa and 156 samples ]
sample_data() Sample Data:       [ 156 samples by 6 sample variables ]
tax_table()   Taxonomy Table:    [ 6183 taxa by 8 taxonomic ranks ]
      kingdom      phylum       class          order     family      genus
sp1 Chromista Apicomplexa Conoidasida Eucoccidiorida Eimeriidae Cyclospora
sp3 Chromista Apicomplexa Conoidasida Eucoccidiorida Eimeriidae    Eimeria
                    species score.id.pident.70 water_autumn_eelgrass_10
sp1 Cyclospora cayetanensis         Eimeriidae                        0
sp3         Eimeria alorani            Eimeria                        0
                  kingdom          phylum class order family genus species
Apicomplexa     Chromista     Apicomplexa  <NA>  <NA>   <NA>  <NA>    <NA>
Bacillariophyta Chromista Bacillariophyta  <NA>  <NA>   <NA>  <NA>    <NA>
                score.id.pident.70 water_autumn_eelgrass_10
Apicomplexa                   <NA>              0.000000000
Bacillariophyta               <NA>              0.006368525
null device 
          1 
null device 
          1 
[1] 59.08966
[1] 0.5930137
[1] 0.1895487
[1] 178.2932
[1] 239.7957
[1] 1.385686
[1] 0.7356701
null device 
          1 
null device 
          1 
                         (Intercept) poly(Salinity, degree = 2, raw = TRUE)1
water_autumn_rocks_1               1                                28.44073
water_autumn_sand_1                1                                31.40622
water_autumn_eelgrass_10           1                                29.95134
water_autumn_rocks_10              1                                29.89685
water_autumn_sand_10               1                                30.00251
water_autumn_rocks_11              1                                28.69282
                         poly(Salinity, degree = 2, raw = TRUE)2   log_Si
water_autumn_rocks_1                                    808.8751 2.281361
water_autumn_sand_1                                     986.3509 2.396986
water_autumn_eelgrass_10                                897.0828 3.601277
water_autumn_rocks_10                                   893.8214 3.551770
water_autumn_sand_10                                    900.1508 3.626206
water_autumn_rocks_11                                   823.2781 2.414126
                             log_PO4   log_DN Temperature cube_d14N_15N
water_autumn_rocks_1     -0.16251893 2.955951    15.92017   17007.87517
water_autumn_sand_1      -1.32802545 1.131402    14.86350    9966.05855
water_autumn_eelgrass_10 -0.15665381 1.282322    16.59965    4577.47859
water_autumn_rocks_10    -0.08338161 2.175887    16.18278   19731.87113
water_autumn_sand_10     -0.50252682 1.068153    16.72976      65.19887
water_autumn_rocks_11     0.37843644 1.229641    18.08010   25187.34191
                         Water_content coast_shapeopen habitatrocks
water_autumn_rocks_1         0.3816572               1            1
water_autumn_sand_1          0.3301161               1            0
water_autumn_eelgrass_10     0.3878048               0            0
water_autumn_rocks_10        0.3382997               0            1
water_autumn_sand_10         0.3670422               0            0
water_autumn_rocks_11        0.4105592               1            1
                         habitateelgrass
water_autumn_rocks_1                   0
water_autumn_sand_1                    0
water_autumn_eelgrass_10               1
water_autumn_rocks_10                  0
water_autumn_sand_10                   0
water_autumn_rocks_11                  0
